<?xml version="1.0" encoding="UTF-8"?>
<!-- Generated by org.testng.reporters.JUnitXMLReporter -->
<testsuite ignored="0" hostname="IM-LP-1165" failures="1" tests="1" name="Default test" time="23.743" errors="0" timestamp="2023-07-12T14:19:18 IST">
  <testcase classname="io.cucumber.testng.AbstractTestNGCucumberTests" name="runScenario" time="22.816">
    <failure type="org.openqa.selenium.SessionNotCreatedException" message="Could not start a new session. Response code 500. Message: An unknown server-side error occurred while processing the command. Original error: Could not find a connected Android device in 20213ms. 
Host info: host: &amp;apos;IM-LP-1165&amp;apos;, ip: &amp;apos;192.168.237.87&amp;apos;
Build info: version: &amp;apos;4.10.0&amp;apos;, revision: &amp;apos;c14d967899&amp;apos;
System info: os.name: &amp;apos;Windows 11&amp;apos;, os.arch: &amp;apos;amd64&amp;apos;, os.version: &amp;apos;10.0&amp;apos;, java.version: &amp;apos;17.0.7&amp;apos;
Driver info: io.appium.java_client.android.AndroidDriver
Command: [null, newSession {capabilities=[{appium:appActivity=com.arbl.amaron.MainActivity, platformName=ANDROID, appium:automationName=UIAutomator2, appium:platformVersion=11, appium:appPackage=com.arbl.amaron}], desiredCapabilities=Capabilities {appium:appActivity: com.arbl.amaron.MainActivity, appium:appPackage: com.arbl.amaron, appium:automationName: UIAutomator2, appium:platformVersion: 11, platformName: ANDROID}}]
Capabilities {appium:appActivity: com.arbl.amaron.MainActivity, appium:appPackage: com.arbl.amaron, appium:automationName: UIAutomator2, appium:platformVersion: 11, platformName: ANDROID}">
      <![CDATA[org.openqa.selenium.SessionNotCreatedException: Could not start a new session. Response code 500. Message: An unknown server-side error occurred while processing the command. Original error: Could not find a connected Android device in 20213ms. 
Host info: host: 'IM-LP-1165', ip: '192.168.237.87'
Build info: version: '4.10.0', revision: 'c14d967899'
System info: os.name: 'Windows 11', os.arch: 'amd64', os.version: '10.0', java.version: '17.0.7'
Driver info: io.appium.java_client.android.AndroidDriver
Command: [null, newSession {capabilities=[{appium:appActivity=com.arbl.amaron.MainActivity, platformName=ANDROID, appium:automationName=UIAutomator2, appium:platformVersion=11, appium:appPackage=com.arbl.amaron}], desiredCapabilities=Capabilities {appium:appActivity: com.arbl.amaron.MainActivity, appium:appPackage: com.arbl.amaron, appium:automationName: UIAutomator2, appium:platformVersion: 11, platformName: ANDROID}}]
Capabilities {appium:appActivity: com.arbl.amaron.MainActivity, appium:appPackage: com.arbl.amaron, appium:automationName: UIAutomator2, appium:platformVersion: 11, platformName: ANDROID}
at org.openqa.selenium.remote.ProtocolHandshake.createSession(ProtocolHandshake.java:140)
at java.base/jdk.internal.reflect.NativeMethodAccessorImpl.invoke0(Native Method)
at java.base/jdk.internal.reflect.NativeMethodAccessorImpl.invoke(NativeMethodAccessorImpl.java:77)
at java.base/jdk.internal.reflect.DelegatingMethodAccessorImpl.invoke(DelegatingMethodAccessorImpl.java:43)
at java.base/java.lang.reflect.Method.invoke(Method.java:568)
at io.appium.java_client.remote.AppiumProtocolHandshake.createSession(AppiumProtocolHandshake.java:133)
at io.appium.java_client.remote.AppiumProtocolHandshake.createSession(AppiumProtocolHandshake.java:102)
at io.appium.java_client.remote.AppiumCommandExecutor.createSession(AppiumCommandExecutor.java:182)
at io.appium.java_client.remote.AppiumCommandExecutor.execute(AppiumCommandExecutor.java:250)
at org.openqa.selenium.remote.RemoteWebDriver.execute(RemoteWebDriver.java:531)
at io.appium.java_client.AppiumDriver.startSession(AppiumDriver.java:274)
at org.openqa.selenium.remote.RemoteWebDriver.<init>(RemoteWebDriver.java:154)
at io.appium.java_client.AppiumDriver.<init>(AppiumDriver.java:89)
at io.appium.java_client.AppiumDriver.<init>(AppiumDriver.java:101)
at io.appium.java_client.android.AndroidDriver.<init>(AndroidDriver.java:113)
at StepDefinition.StepDef.setup1(StepDef.java:101)
]]>
    </failure>
  </testcase> <!-- runScenario -->
</testsuite> <!-- Default test -->
