<?xml version="1.0" encoding="UTF-8"?>
<!-- Generated by org.testng.reporters.JUnitXMLReporter -->
<testsuite ignored="0" hostname="IM-LP-1165" failures="1" tests="1" name="Test" time="8.641" errors="0" timestamp="2023-07-07T10:39:01 IST">
  <testcase classname="io.cucumber.testng.AbstractTestNGCucumberTests" name="runScenario" time="5.688">
    <failure type="java.lang.AbstractMethodError" message="Receiver class org.openqa.selenium.chrome.ChromeDriverService$Builder does not define or inherit an implementation of the resolved method &amp;apos;abstract void loadSystemProperties()&amp;apos; of abstract class org.openqa.selenium.remote.service.DriverService$Builder.">
      <![CDATA[java.lang.AbstractMethodError: Receiver class org.openqa.selenium.chrome.ChromeDriverService$Builder does not define or inherit an implementation of the resolved method 'abstract void loadSystemProperties()' of abstract class org.openqa.selenium.remote.service.DriverService$Builder.
at org.openqa.selenium.remote.service.DriverService$Builder.build(DriverService.java:504)
at org.openqa.selenium.chrome.ChromeDriverService.createDefaultService(ChromeDriverService.java:162)
at org.openqa.selenium.chrome.ChromeDriver.<init>(ChromeDriver.java:52)
at StepDefinition.StepDef.setup1(StepDef.java:59)
]]>
    </failure>
  </testcase> <!-- runScenario -->
</testsuite> <!-- Test -->
