<?xml version="1.0" encoding="UTF-8"?>
<testng-results ignored="0" total="1" passed="0" failed="1" skipped="0">
  <reporter-output>
  </reporter-output>
  <suite started-at="2023-07-12T14:18:54 IST" name="Default suite" finished-at="2023-07-12T14:19:18 IST" duration-ms="23743">
    <groups>
      <group name="cucumber">
        <method signature="AbstractTestNGCucumberTests.runScenario(io.cucumber.testng.PickleWrapper,io.cucumber.testng.FeatureWrapper)[pri:0, instance:TestRunner.Run@698122b2]" name="runScenario" class="io.cucumber.testng.AbstractTestNGCucumberTests"/>
      </group> <!-- cucumber -->
    </groups>
    <test started-at="2023-07-12T14:18:54 IST" name="Default test" finished-at="2023-07-12T14:19:18 IST" duration-ms="23743">
      <class name="TestRunner.Run">
        <test-method is-config="true" signature="setUpClass(org.testng.ITestContext)[pri:0, instance:TestRunner.Run@698122b2]" started-at="2023-07-12T14:18:54 IST" name="setUpClass" finished-at="2023-07-12T14:18:55 IST" duration-ms="756" status="PASS">
          <params>
            <param index="0">
              <value>
                <![CDATA[org.testng.TestRunner@61b838f2]]>
              </value>
            </param>
          </params>
          <reporter-output>
          </reporter-output>
        </test-method> <!-- setUpClass -->
        <test-method signature="runScenario(io.cucumber.testng.PickleWrapper,io.cucumber.testng.FeatureWrapper)[pri:0, instance:TestRunner.Run@698122b2]" started-at="2023-07-12T14:18:55 IST" name="runScenario" description="Runs Cucumber Scenarios" data-provider="scenarios" finished-at="2023-07-12T14:19:17 IST" duration-ms="22816" status="FAIL">
          <params>
            <param index="0">
              <value>
                <![CDATA["user logins to mobile with multiple login details"]]>
              </value>
            </param>
            <param index="1">
              <value>
                <![CDATA["Verifying functionality in Customers Registration in Mobile"]]>
              </value>
            </param>
          </params>
          <exception class="org.openqa.selenium.SessionNotCreatedException">
            <message>
              <![CDATA[Could not start a new session. Response code 500. Message: An unknown server-side error occurred while processing the command. Original error: Could not find a connected Android device in 20213ms. 
Host info: host: 'IM-LP-1165', ip: '192.168.237.87'
Build info: version: '4.10.0', revision: 'c14d967899'
System info: os.name: 'Windows 11', os.arch: 'amd64', os.version: '10.0', java.version: '17.0.7'
Driver info: io.appium.java_client.android.AndroidDriver
Command: [null, newSession {capabilities=[{appium:appActivity=com.arbl.amaron.MainActivity, platformName=ANDROID, appium:automationName=UIAutomator2, appium:platformVersion=11, appium:appPackage=com.arbl.amaron}], desiredCapabilities=Capabilities {appium:appActivity: com.arbl.amaron.MainActivity, appium:appPackage: com.arbl.amaron, appium:automationName: UIAutomator2, appium:platformVersion: 11, platformName: ANDROID}}]
Capabilities {appium:appActivity: com.arbl.amaron.MainActivity, appium:appPackage: com.arbl.amaron, appium:automationName: UIAutomator2, appium:platformVersion: 11, platformName: ANDROID}]]>
            </message>
            <full-stacktrace>
              <![CDATA[org.openqa.selenium.SessionNotCreatedException: Could not start a new session. Response code 500. Message: An unknown server-side error occurred while processing the command. Original error: Could not find a connected Android device in 20213ms. 
Host info: host: 'IM-LP-1165', ip: '192.168.237.87'
Build info: version: '4.10.0', revision: 'c14d967899'
System info: os.name: 'Windows 11', os.arch: 'amd64', os.version: '10.0', java.version: '17.0.7'
Driver info: io.appium.java_client.android.AndroidDriver
Command: [null, newSession {capabilities=[{appium:appActivity=com.arbl.amaron.MainActivity, platformName=ANDROID, appium:automationName=UIAutomator2, appium:platformVersion=11, appium:appPackage=com.arbl.amaron}], desiredCapabilities=Capabilities {appium:appActivity: com.arbl.amaron.MainActivity, appium:appPackage: com.arbl.amaron, appium:automationName: UIAutomator2, appium:platformVersion: 11, platformName: ANDROID}}]
Capabilities {appium:appActivity: com.arbl.amaron.MainActivity, appium:appPackage: com.arbl.amaron, appium:automationName: UIAutomator2, appium:platformVersion: 11, platformName: ANDROID}
at org.openqa.selenium.remote.ProtocolHandshake.createSession(ProtocolHandshake.java:140)
at java.base/jdk.internal.reflect.NativeMethodAccessorImpl.invoke0(Native Method)
at java.base/jdk.internal.reflect.NativeMethodAccessorImpl.invoke(NativeMethodAccessorImpl.java:77)
at java.base/jdk.internal.reflect.DelegatingMethodAccessorImpl.invoke(DelegatingMethodAccessorImpl.java:43)
at java.base/java.lang.reflect.Method.invoke(Method.java:568)
at io.appium.java_client.remote.AppiumProtocolHandshake.createSession(AppiumProtocolHandshake.java:133)
at io.appium.java_client.remote.AppiumProtocolHandshake.createSession(AppiumProtocolHandshake.java:102)
at io.appium.java_client.remote.AppiumCommandExecutor.createSession(AppiumCommandExecutor.java:182)
at io.appium.java_client.remote.AppiumCommandExecutor.execute(AppiumCommandExecutor.java:250)
at org.openqa.selenium.remote.RemoteWebDriver.execute(RemoteWebDriver.java:531)
at io.appium.java_client.AppiumDriver.startSession(AppiumDriver.java:274)
at org.openqa.selenium.remote.RemoteWebDriver.<init>(RemoteWebDriver.java:154)
at io.appium.java_client.AppiumDriver.<init>(AppiumDriver.java:89)
at io.appium.java_client.AppiumDriver.<init>(AppiumDriver.java:101)
at io.appium.java_client.android.AndroidDriver.<init>(AndroidDriver.java:113)
at StepDefinition.StepDef.setup1(StepDef.java:101)
]]>
            </full-stacktrace>
          </exception> <!-- org.openqa.selenium.SessionNotCreatedException -->
          <reporter-output>
          </reporter-output>
        </test-method> <!-- runScenario -->
        <test-method is-config="true" signature="tearDownClass()[pri:0, instance:TestRunner.Run@698122b2]" started-at="2023-07-12T14:19:18 IST" name="tearDownClass" finished-at="2023-07-12T14:19:18 IST" duration-ms="34" status="PASS">
          <reporter-output>
          </reporter-output>
        </test-method> <!-- tearDownClass -->
      </class> <!-- TestRunner.Run -->
    </test> <!-- Default test -->
  </suite> <!-- Default suite -->
</testng-results>
